  Pleifer.cpp
C:\Users\Маша\source\repos\Encryption\Pleifer.cpp(15,23): warning C4018: <=: несоответствие типов со знаком и без знака
C:\Users\Маша\source\repos\Encryption\Pleifer.cpp(20,58): warning C4552: "<<": результат выражения не используется
C:\Users\Маша\source\repos\Encryption\Pleifer.cpp(26,58): warning C4552: "<<": результат выражения не используется
C:\Users\Маша\source\repos\Encryption\Pleifer.cpp(32,58): warning C4552: "<<": результат выражения не используется
C:\Users\Маша\source\repos\Encryption\Pleifer.cpp(38,58): warning C4552: "<<": результат выражения не используется
C:\Users\Маша\source\repos\Encryption\Pleifer.cpp(43,58): warning C4552: "<<": результат выражения не используется
C:\Users\Маша\source\repos\Encryption\Pleifer.cpp(54,27): warning C4018: <: несоответствие типов со знаком и без знака
C:\Users\Маша\source\repos\Encryption\Pleifer.cpp(58,27): warning C4018: <: несоответствие типов со знаком и без знака
C:\Users\Маша\source\repos\Encryption\Pleifer.cpp(69,23): warning C4018: <: несоответствие типов со знаком и без знака
C:\Users\Маша\source\repos\Encryption\Pleifer.cpp(77,23): warning C4018: <: несоответствие типов со знаком и без знака
C:\Users\Маша\source\repos\Encryption\Pleifer.cpp(78,27): warning C4018: <: несоответствие типов со знаком и без знака
C:\Users\Маша\source\repos\Encryption\Pleifer.cpp(89,27): warning C4018: <: несоответствие типов со знаком и без знака
C:\Users\Маша\source\repos\Encryption\Pleifer.cpp(94,27): warning C4018: <: несоответствие типов со знаком и без знака
C:\Users\Маша\source\repos\Encryption\Pleifer.cpp(105,23): warning C4018: <: несоответствие типов со знаком и без знака
C:\Users\Маша\source\repos\Encryption\Pleifer.cpp(113,23): warning C4018: <: несоответствие типов со знаком и без знака
C:\Users\Маша\source\repos\Encryption\Pleifer.cpp(115,27): warning C4552: "<<": результат выражения не используется
C:\Users\Маша\source\repos\Encryption\Pleifer.cpp(124,19): warning C4018: <: несоответствие типов со знаком и без знака
C:\Users\Маша\source\repos\Encryption\Pleifer.cpp(127,19): warning C4018: >=: несоответствие типов со знаком и без знака
C:\Users\Маша\source\repos\Encryption\Pleifer.cpp(145,23): warning C4018: <: несоответствие типов со знаком и без знака
C:\Users\Маша\source\repos\Encryption\Pleifer.cpp(183,28): warning C4244: return: преобразование "_Rep" в "int", возможна потеря данных
          with
          [
              _Rep=__int64
          ]
  Encryption.vcxproj -> C:\Users\Маша\source\repos\Encryption\Debug\Encryption.exe
