  AffG.cpp
C:\Users\Маша\source\repos\Encryption\AffG.cpp(17,17): warning C4566: символ, представленный универсальным именем символа "\u00C2", невозможно представить в текущей кодовой странице (1251)
C:\Users\Маша\source\repos\Encryption\AffG.cpp(17,17): warning C4566: символ, представленный универсальным именем символа "\u00E2", невозможно представить в текущей кодовой странице (1251)
C:\Users\Маша\source\repos\Encryption\AffG.cpp(17,17): warning C4566: символ, представленный универсальным именем символа "\u00E5", невозможно представить в текущей кодовой странице (1251)
C:\Users\Маша\source\repos\Encryption\AffG.cpp(17,17): warning C4566: символ, представленный универсальным именем символа "\u00E4", невозможно представить в текущей кодовой странице (1251)
C:\Users\Маша\source\repos\Encryption\AffG.cpp(17,17): warning C4566: символ, представленный универсальным именем символа "\u00ED", невозможно представить в текущей кодовой странице (1251)
C:\Users\Маша\source\repos\Encryption\AffG.cpp(17,17): warning C4566: символ, представленный универсальным именем символа "\u00EE", невозможно представить в текущей кодовой странице (1251)
C:\Users\Маша\source\repos\Encryption\AffG.cpp(17,17): warning C4566: символ, представленный универсальным именем символа "\u00EA", невозможно представить в текущей кодовой странице (1251)
C:\Users\Маша\source\repos\Encryption\AffG.cpp(17,17): warning C4566: символ, представленный универсальным именем символа "\u00F0", невозможно представить в текущей кодовой странице (1251)
C:\Users\Маша\source\repos\Encryption\AffG.cpp(17,17): warning C4566: символ, представленный универсальным именем символа "\u00F2", невозможно представить в текущей кодовой странице (1251)
C:\Users\Маша\source\repos\Encryption\AffG.cpp(17,17): warning C4566: символ, представленный универсальным именем символа "\u00E7", невозможно представить в текущей кодовой странице (1251)
C:\Users\Маша\source\repos\Encryption\AffG.cpp(17,17): warning C4566: символ, представленный универсальным именем символа "\u00E0", невозможно представить в текущей кодовой странице (1251)
C:\Users\Маша\source\repos\Encryption\AffG.cpp(17,17): warning C4566: символ, представленный универсальным именем символа "\u00F7", невозможно представить в текущей кодовой странице (1251)
C:\Users\Маша\source\repos\Encryption\AffG.cpp(17,17): warning C4566: символ, представленный универсальным именем символа "\u00E8", невозможно представить в текущей кодовой странице (1251)
C:\Users\Маша\source\repos\Encryption\AffG.cpp(17,87): warning C4566: символ, представленный универсальным именем символа "\u00C4", невозможно представить в текущей кодовой странице (1251)
C:\Users\Маша\source\repos\Encryption\AffG.cpp(17,87): warning C4566: символ, представленный универсальным именем символа "\u00E8", невозможно представить в текущей кодовой странице (1251)
C:\Users\Маша\source\repos\Encryption\AffG.cpp(17,87): warning C4566: символ, представленный универсальным именем символа "\u00E0", невозможно представить в текущей кодовой странице (1251)
C:\Users\Маша\source\repos\Encryption\AffG.cpp(17,87): warning C4566: символ, представленный универсальным именем символа "\u00EF", невозможно представить в текущей кодовой странице (1251)
C:\Users\Маша\source\repos\Encryption\AffG.cpp(17,87): warning C4566: символ, представленный универсальным именем символа "\u00E7", невозможно представить в текущей кодовой странице (1251)
C:\Users\Маша\source\repos\Encryption\AffG.cpp(17,87): warning C4566: символ, представленный универсальным именем символа "\u00EE", невозможно представить в текущей кодовой странице (1251)
C:\Users\Маша\source\repos\Encryption\AffG.cpp(17,87): warning C4566: символ, представленный универсальным именем символа "\u00ED", невозможно представить в текущей кодовой странице (1251)
C:\Users\Маша\source\repos\Encryption\AffG.cpp(58,14): warning C4101: sh_el: неиспользованная локальная переменная
  Создание кода
  2 of 380 functions ( 0.5%) were compiled, the rest were copied from previous compilation.
    0 functions were new in current compilation
    9 functions had inline decision re-evaluated but remain unchanged
  Создание кода завершено
  Encryption.vcxproj -> C:\Users\Маша\source\repos\Encryption\Release\Encryption.exe
